mode: set
github.com/PhanNam1501/bookmark-management/internal/repository/urlstorage.go:26.58,30.2 1 1
github.com/PhanNam1501/bookmark-management/internal/repository/urlstorage.go:32.70,34.16 2 0
github.com/PhanNam1501/bookmark-management/internal/repository/urlstorage.go:34.16,36.3 1 0
github.com/PhanNam1501/bookmark-management/internal/repository/urlstorage.go:37.2,37.20 1 0
github.com/PhanNam1501/bookmark-management/internal/repository/urlstorage.go:37.20,39.3 1 0
github.com/PhanNam1501/bookmark-management/internal/repository/urlstorage.go:41.2,41.63 1 0
github.com/PhanNam1501/bookmark-management/internal/repository/urlstorage.go:45.86,51.16 2 1
github.com/PhanNam1501/bookmark-management/internal/repository/urlstorage.go:51.16,53.3 1 0
github.com/PhanNam1501/bookmark-management/internal/repository/urlstorage.go:54.2,54.17 1 1
github.com/PhanNam1501/bookmark-management/internal/repository/urlstorage.go:57.101,62.16 2 0
github.com/PhanNam1501/bookmark-management/internal/repository/urlstorage.go:62.16,64.3 1 0
github.com/PhanNam1501/bookmark-management/internal/repository/urlstorage.go:65.2,65.17 1 0
github.com/PhanNam1501/bookmark-management/internal/service/bookmark_service.go:20.61,24.2 1 1
github.com/PhanNam1501/bookmark-management/internal/service/bookmark_service.go:26.49,28.2 1 1
github.com/PhanNam1501/bookmark-management/internal/service/bookmark_service.go:30.75,32.16 2 0
github.com/PhanNam1501/bookmark-management/internal/service/bookmark_service.go:32.16,34.3 1 0
github.com/PhanNam1501/bookmark-management/internal/service/bookmark_service.go:36.2,36.12 1 0
github.com/PhanNam1501/bookmark-management/internal/service/pass_service.go:25.29,27.2 1 1
github.com/PhanNam1501/bookmark-management/internal/service/pass_service.go:30.62,33.31 2 1
github.com/PhanNam1501/bookmark-management/internal/service/pass_service.go:33.31,35.17 2 1
github.com/PhanNam1501/bookmark-management/internal/service/pass_service.go:35.17,37.4 1 0
github.com/PhanNam1501/bookmark-management/internal/service/pass_service.go:39.3,39.53 1 1
github.com/PhanNam1501/bookmark-management/internal/service/pass_service.go:42.2,42.33 1 1
github.com/PhanNam1501/bookmark-management/internal/service/shortenurl_service.go:25.83,30.2 1 1
github.com/PhanNam1501/bookmark-management/internal/service/shortenurl_service.go:32.89,34.36 1 1
github.com/PhanNam1501/bookmark-management/internal/service/shortenurl_service.go:34.36,36.17 2 1
github.com/PhanNam1501/bookmark-management/internal/service/shortenurl_service.go:36.17,38.4 1 0
github.com/PhanNam1501/bookmark-management/internal/service/shortenurl_service.go:39.3,40.17 2 1
github.com/PhanNam1501/bookmark-management/internal/service/shortenurl_service.go:40.17,42.4 1 0
github.com/PhanNam1501/bookmark-management/internal/service/shortenurl_service.go:43.3,43.17 1 1
github.com/PhanNam1501/bookmark-management/internal/service/shortenurl_service.go:43.17,45.4 1 1
github.com/PhanNam1501/bookmark-management/internal/service/shortenurl_service.go:48.2,48.70 1 0
github.com/PhanNam1501/bookmark-management/internal/service/shortenurl_service.go:51.102,52.36 1 1
github.com/PhanNam1501/bookmark-management/internal/service/shortenurl_service.go:52.36,54.17 2 1
github.com/PhanNam1501/bookmark-management/internal/service/shortenurl_service.go:54.17,56.4 1 0
github.com/PhanNam1501/bookmark-management/internal/service/shortenurl_service.go:57.3,58.17 2 1
github.com/PhanNam1501/bookmark-management/internal/service/shortenurl_service.go:58.17,60.4 1 0
github.com/PhanNam1501/bookmark-management/internal/service/shortenurl_service.go:61.3,61.17 1 1
github.com/PhanNam1501/bookmark-management/internal/service/shortenurl_service.go:61.17,63.4 1 1
github.com/PhanNam1501/bookmark-management/internal/service/shortenurl_service.go:66.2,66.70 1 0
github.com/PhanNam1501/bookmark-management/docs/docs.go:193.13,195.2 1 0
github.com/PhanNam1501/bookmark-management/internal/api/api.go:32.57,44.2 7 0
github.com/PhanNam1501/bookmark-management/internal/api/api.go:46.29,48.2 1 0
github.com/PhanNam1501/bookmark-management/internal/api/api.go:50.65,52.2 1 0
github.com/PhanNam1501/bookmark-management/internal/api/api.go:54.28,58.2 3 0
github.com/PhanNam1501/bookmark-management/internal/api/api.go:60.28,65.2 4 0
github.com/PhanNam1501/bookmark-management/internal/api/api.go:67.28,74.2 5 0
github.com/PhanNam1501/bookmark-management/internal/api/api.go:76.32,83.2 5 0
github.com/PhanNam1501/bookmark-management/internal/api/config.go:9.51,12.16 3 0
github.com/PhanNam1501/bookmark-management/internal/api/config.go:12.16,14.3 1 0
github.com/PhanNam1501/bookmark-management/internal/api/config.go:16.2,16.17 1 0
github.com/PhanNam1501/bookmark-management/cmd/test/main.go:10.13,12.16 2 0
github.com/PhanNam1501/bookmark-management/cmd/test/main.go:12.16,13.13 1 0
github.com/PhanNam1501/bookmark-management/cmd/test/main.go:16.2,16.66 1 0
github.com/PhanNam1501/bookmark-management/cmd/api/main.go:13.13,15.16 2 0
github.com/PhanNam1501/bookmark-management/cmd/api/main.go:15.16,16.13 1 0
github.com/PhanNam1501/bookmark-management/cmd/api/main.go:18.2,19.16 2 0
github.com/PhanNam1501/bookmark-management/cmd/api/main.go:19.16,20.13 1 0
github.com/PhanNam1501/bookmark-management/cmd/api/main.go:22.2,23.13 2 0
github.com/PhanNam1501/bookmark-management/internal/handler/bookmark_handler.go:24.56,26.2 1 1
github.com/PhanNam1501/bookmark-management/internal/handler/bookmark_handler.go:37.51,39.16 2 1
github.com/PhanNam1501/bookmark-management/internal/handler/bookmark_handler.go:39.16,44.3 2 0
github.com/PhanNam1501/bookmark-management/internal/handler/bookmark_handler.go:46.2,53.29 3 1
github.com/PhanNam1501/bookmark-management/internal/handler/linkshorten_handlers.go:18.65,22.2 1 0
github.com/PhanNam1501/bookmark-management/internal/handler/linkshorten_handlers.go:36.62,38.48 2 0
github.com/PhanNam1501/bookmark-management/internal/handler/linkshorten_handlers.go:38.48,41.3 2 0
github.com/PhanNam1501/bookmark-management/internal/handler/linkshorten_handlers.go:43.2,44.16 2 0
github.com/PhanNam1501/bookmark-management/internal/handler/linkshorten_handlers.go:44.16,47.3 2 0
github.com/PhanNam1501/bookmark-management/internal/handler/linkshorten_handlers.go:49.2,49.93 1 0
github.com/PhanNam1501/bookmark-management/internal/handler/pass_handler.go:18.56,20.2 1 1
github.com/PhanNam1501/bookmark-management/internal/handler/pass_handler.go:27.51,29.16 2 1
github.com/PhanNam1501/bookmark-management/internal/handler/pass_handler.go:29.16,32.3 2 1
github.com/PhanNam1501/bookmark-management/internal/handler/pass_handler.go:34.2,34.31 1 1
github.com/PhanNam1501/bookmark-management/internal/handler/shortenurl_handler.go:18.62,22.2 1 1
github.com/PhanNam1501/bookmark-management/internal/handler/shortenurl_handler.go:39.56,41.48 2 1
github.com/PhanNam1501/bookmark-management/internal/handler/shortenurl_handler.go:41.48,44.3 2 0
github.com/PhanNam1501/bookmark-management/internal/handler/shortenurl_handler.go:46.2,47.16 2 1
github.com/PhanNam1501/bookmark-management/internal/handler/shortenurl_handler.go:47.16,50.3 2 0
github.com/PhanNam1501/bookmark-management/internal/handler/shortenurl_handler.go:52.2,54.4 1 1
github.com/PhanNam1501/bookmark-management/internal/repository/mocks/urlstorage.go:17.71,20.19 2 0
github.com/PhanNam1501/bookmark-management/internal/repository/mocks/urlstorage.go:20.19,21.62 1 0
github.com/PhanNam1501/bookmark-management/internal/repository/mocks/urlstorage.go:24.2,25.60 2 0
github.com/PhanNam1501/bookmark-management/internal/repository/mocks/urlstorage.go:25.60,27.3 1 0
github.com/PhanNam1501/bookmark-management/internal/repository/mocks/urlstorage.go:27.8,29.3 1 0
github.com/PhanNam1501/bookmark-management/internal/repository/mocks/urlstorage.go:31.2,31.11 1 0
github.com/PhanNam1501/bookmark-management/internal/repository/mocks/urlstorage.go:35.109,38.19 2 0
github.com/PhanNam1501/bookmark-management/internal/repository/mocks/urlstorage.go:38.19,39.56 1 0
github.com/PhanNam1501/bookmark-management/internal/repository/mocks/urlstorage.go:42.2,44.91 3 0
github.com/PhanNam1501/bookmark-management/internal/repository/mocks/urlstorage.go:44.91,46.3 1 0
github.com/PhanNam1501/bookmark-management/internal/repository/mocks/urlstorage.go:47.2,47.82 1 0
github.com/PhanNam1501/bookmark-management/internal/repository/mocks/urlstorage.go:47.82,49.3 1 0
github.com/PhanNam1501/bookmark-management/internal/repository/mocks/urlstorage.go:49.8,51.3 1 0
github.com/PhanNam1501/bookmark-management/internal/repository/mocks/urlstorage.go:53.2,53.81 1 0
github.com/PhanNam1501/bookmark-management/internal/repository/mocks/urlstorage.go:53.81,55.3 1 0
github.com/PhanNam1501/bookmark-management/internal/repository/mocks/urlstorage.go:55.8,57.3 1 0
github.com/PhanNam1501/bookmark-management/internal/repository/mocks/urlstorage.go:59.2,59.15 1 0
github.com/PhanNam1501/bookmark-management/internal/repository/mocks/urlstorage.go:63.94,66.19 2 0
github.com/PhanNam1501/bookmark-management/internal/repository/mocks/urlstorage.go:66.19,67.50 1 0
github.com/PhanNam1501/bookmark-management/internal/repository/mocks/urlstorage.go:70.2,72.86 3 0
github.com/PhanNam1501/bookmark-management/internal/repository/mocks/urlstorage.go:72.86,74.3 1 0
github.com/PhanNam1501/bookmark-management/internal/repository/mocks/urlstorage.go:75.2,75.77 1 0
github.com/PhanNam1501/bookmark-management/internal/repository/mocks/urlstorage.go:75.77,77.3 1 0
github.com/PhanNam1501/bookmark-management/internal/repository/mocks/urlstorage.go:77.8,79.3 1 0
github.com/PhanNam1501/bookmark-management/internal/repository/mocks/urlstorage.go:81.2,81.76 1 0
github.com/PhanNam1501/bookmark-management/internal/repository/mocks/urlstorage.go:81.76,83.3 1 0
github.com/PhanNam1501/bookmark-management/internal/repository/mocks/urlstorage.go:83.8,85.3 1 0
github.com/PhanNam1501/bookmark-management/internal/repository/mocks/urlstorage.go:87.2,87.15 1 0
github.com/PhanNam1501/bookmark-management/internal/repository/mocks/urlstorage.go:95.16,99.19 3 0
github.com/PhanNam1501/bookmark-management/internal/repository/mocks/urlstorage.go:99.19,99.49 1 0
github.com/PhanNam1501/bookmark-management/internal/repository/mocks/urlstorage.go:101.2,101.13 1 0
github.com/PhanNam1501/bookmark-management/internal/service/mocks/bookmark_service.go:17.69,20.19 2 0
github.com/PhanNam1501/bookmark-management/internal/service/mocks/bookmark_service.go:20.19,21.62 1 0
github.com/PhanNam1501/bookmark-management/internal/service/mocks/bookmark_service.go:24.2,25.60 2 0
github.com/PhanNam1501/bookmark-management/internal/service/mocks/bookmark_service.go:25.60,27.3 1 0
github.com/PhanNam1501/bookmark-management/internal/service/mocks/bookmark_service.go:27.8,29.3 1 0
github.com/PhanNam1501/bookmark-management/internal/service/mocks/bookmark_service.go:31.2,31.11 1 0
github.com/PhanNam1501/bookmark-management/internal/service/mocks/bookmark_service.go:35.43,38.19 2 0
github.com/PhanNam1501/bookmark-management/internal/service/mocks/bookmark_service.go:38.19,39.54 1 0
github.com/PhanNam1501/bookmark-management/internal/service/mocks/bookmark_service.go:42.2,43.46 2 0
github.com/PhanNam1501/bookmark-management/internal/service/mocks/bookmark_service.go:43.46,45.3 1 0
github.com/PhanNam1501/bookmark-management/internal/service/mocks/bookmark_service.go:45.8,47.3 1 0
github.com/PhanNam1501/bookmark-management/internal/service/mocks/bookmark_service.go:49.2,49.11 1 0
github.com/PhanNam1501/bookmark-management/internal/service/mocks/bookmark_service.go:57.14,61.19 3 0
github.com/PhanNam1501/bookmark-management/internal/service/mocks/bookmark_service.go:61.19,61.49 1 0
github.com/PhanNam1501/bookmark-management/internal/service/mocks/bookmark_service.go:63.2,63.13 1 0
github.com/PhanNam1501/bookmark-management/internal/service/mocks/pass_service.go:13.56,16.19 2 0
github.com/PhanNam1501/bookmark-management/internal/service/mocks/pass_service.go:16.19,17.58 1 0
github.com/PhanNam1501/bookmark-management/internal/service/mocks/pass_service.go:20.2,22.55 3 0
github.com/PhanNam1501/bookmark-management/internal/service/mocks/pass_service.go:22.55,24.3 1 0
github.com/PhanNam1501/bookmark-management/internal/service/mocks/pass_service.go:25.2,25.46 1 0
github.com/PhanNam1501/bookmark-management/internal/service/mocks/pass_service.go:25.46,27.3 1 0
github.com/PhanNam1501/bookmark-management/internal/service/mocks/pass_service.go:27.8,29.3 1 0
github.com/PhanNam1501/bookmark-management/internal/service/mocks/pass_service.go:31.2,31.45 1 0
github.com/PhanNam1501/bookmark-management/internal/service/mocks/pass_service.go:31.45,33.3 1 0
github.com/PhanNam1501/bookmark-management/internal/service/mocks/pass_service.go:33.8,35.3 1 0
github.com/PhanNam1501/bookmark-management/internal/service/mocks/pass_service.go:37.2,37.15 1 0
github.com/PhanNam1501/bookmark-management/internal/service/mocks/pass_service.go:45.14,49.19 3 0
github.com/PhanNam1501/bookmark-management/internal/service/mocks/pass_service.go:49.19,49.49 1 0
github.com/PhanNam1501/bookmark-management/internal/service/mocks/pass_service.go:51.2,51.13 1 0
github.com/PhanNam1501/bookmark-management/internal/service/mocks/shortenurl_service.go:17.96,20.19 2 0
github.com/PhanNam1501/bookmark-management/internal/service/mocks/shortenurl_service.go:20.19,21.56 1 0
github.com/PhanNam1501/bookmark-management/internal/service/mocks/shortenurl_service.go:24.2,26.83 3 0
github.com/PhanNam1501/bookmark-management/internal/service/mocks/shortenurl_service.go:26.83,28.3 1 0
github.com/PhanNam1501/bookmark-management/internal/service/mocks/shortenurl_service.go:29.2,29.74 1 0
github.com/PhanNam1501/bookmark-management/internal/service/mocks/shortenurl_service.go:29.74,31.3 1 0
github.com/PhanNam1501/bookmark-management/internal/service/mocks/shortenurl_service.go:31.8,33.3 1 0
github.com/PhanNam1501/bookmark-management/internal/service/mocks/shortenurl_service.go:35.2,35.73 1 0
github.com/PhanNam1501/bookmark-management/internal/service/mocks/shortenurl_service.go:35.73,37.3 1 0
github.com/PhanNam1501/bookmark-management/internal/service/mocks/shortenurl_service.go:37.8,39.3 1 0
github.com/PhanNam1501/bookmark-management/internal/service/mocks/shortenurl_service.go:41.2,41.15 1 0
github.com/PhanNam1501/bookmark-management/internal/service/mocks/shortenurl_service.go:45.83,48.19 2 0
github.com/PhanNam1501/bookmark-management/internal/service/mocks/shortenurl_service.go:48.19,49.52 1 0
github.com/PhanNam1501/bookmark-management/internal/service/mocks/shortenurl_service.go:52.2,54.78 3 0
github.com/PhanNam1501/bookmark-management/internal/service/mocks/shortenurl_service.go:54.78,56.3 1 0
github.com/PhanNam1501/bookmark-management/internal/service/mocks/shortenurl_service.go:57.2,57.69 1 0
github.com/PhanNam1501/bookmark-management/internal/service/mocks/shortenurl_service.go:57.69,59.3 1 0
github.com/PhanNam1501/bookmark-management/internal/service/mocks/shortenurl_service.go:59.8,61.3 1 0
github.com/PhanNam1501/bookmark-management/internal/service/mocks/shortenurl_service.go:63.2,63.68 1 0
github.com/PhanNam1501/bookmark-management/internal/service/mocks/shortenurl_service.go:63.68,65.3 1 0
github.com/PhanNam1501/bookmark-management/internal/service/mocks/shortenurl_service.go:65.8,67.3 1 0
github.com/PhanNam1501/bookmark-management/internal/service/mocks/shortenurl_service.go:69.2,69.15 1 0
github.com/PhanNam1501/bookmark-management/internal/service/mocks/shortenurl_service.go:77.16,81.19 3 0
github.com/PhanNam1501/bookmark-management/internal/service/mocks/shortenurl_service.go:81.19,81.49 1 0
github.com/PhanNam1501/bookmark-management/internal/service/mocks/shortenurl_service.go:83.2,83.13 1 0
github.com/PhanNam1501/bookmark-management/pkg/redis/client.go:5.57,7.16 2 0
github.com/PhanNam1501/bookmark-management/pkg/redis/client.go:7.16,9.3 1 0
github.com/PhanNam1501/bookmark-management/pkg/redis/client.go:11.2,15.9 1 0
github.com/PhanNam1501/bookmark-management/pkg/redis/config.go:11.51,14.16 3 0
github.com/PhanNam1501/bookmark-management/pkg/redis/config.go:14.16,16.3 1 0
github.com/PhanNam1501/bookmark-management/pkg/redis/config.go:18.2,18.17 1 0
github.com/PhanNam1501/bookmark-management/pkg/redis/mock.go:10.48,15.2 2 0
