mode: set
github.com/PhanNam1501/bookmark-management/internal/handler/bookmark_handler.go:24.56,26.2 1 1
github.com/PhanNam1501/bookmark-management/internal/handler/bookmark_handler.go:37.51,39.16 2 1
github.com/PhanNam1501/bookmark-management/internal/handler/bookmark_handler.go:39.16,44.3 2 0
github.com/PhanNam1501/bookmark-management/internal/handler/bookmark_handler.go:46.2,53.29 3 1
github.com/PhanNam1501/bookmark-management/internal/handler/linkshorten_handler.go:18.65,22.2 1 1
github.com/PhanNam1501/bookmark-management/internal/handler/linkshorten_handler.go:41.62,43.48 2 1
github.com/PhanNam1501/bookmark-management/internal/handler/linkshorten_handler.go:43.48,46.3 2 0
github.com/PhanNam1501/bookmark-management/internal/handler/linkshorten_handler.go:48.2,49.16 2 1
github.com/PhanNam1501/bookmark-management/internal/handler/linkshorten_handler.go:49.16,52.3 2 0
github.com/PhanNam1501/bookmark-management/internal/handler/linkshorten_handler.go:54.2,57.4 1 1
github.com/PhanNam1501/bookmark-management/internal/handler/pass_handler.go:18.56,20.2 1 1
github.com/PhanNam1501/bookmark-management/internal/handler/pass_handler.go:27.51,29.16 2 1
github.com/PhanNam1501/bookmark-management/internal/handler/pass_handler.go:29.16,32.3 2 1
github.com/PhanNam1501/bookmark-management/internal/handler/pass_handler.go:34.2,34.31 1 1
github.com/PhanNam1501/bookmark-management/internal/handler/redirecturl_handler.go:18.65,22.2 1 1
github.com/PhanNam1501/bookmark-management/internal/handler/redirecturl_handler.go:37.58,39.47 2 1
github.com/PhanNam1501/bookmark-management/internal/handler/redirecturl_handler.go:39.47,42.3 2 0
github.com/PhanNam1501/bookmark-management/internal/handler/redirecturl_handler.go:44.2,45.16 2 1
github.com/PhanNam1501/bookmark-management/internal/handler/redirecturl_handler.go:45.16,48.3 2 0
github.com/PhanNam1501/bookmark-management/internal/handler/redirecturl_handler.go:50.2,50.46 1 1
github.com/PhanNam1501/bookmark-management/internal/handler/shortenurl_handler.go:19.62,23.2 1 1
github.com/PhanNam1501/bookmark-management/internal/handler/shortenurl_handler.go:40.56,42.48 2 1
github.com/PhanNam1501/bookmark-management/internal/handler/shortenurl_handler.go:42.48,45.3 2 0
github.com/PhanNam1501/bookmark-management/internal/handler/shortenurl_handler.go:47.2,48.16 2 1
github.com/PhanNam1501/bookmark-management/internal/handler/shortenurl_handler.go:48.16,52.3 3 0
github.com/PhanNam1501/bookmark-management/internal/handler/shortenurl_handler.go:54.2,56.4 1 1
github.com/PhanNam1501/bookmark-management/internal/service/bookmark_service.go:20.61,24.2 1 1
github.com/PhanNam1501/bookmark-management/internal/service/bookmark_service.go:26.49,28.2 1 1
github.com/PhanNam1501/bookmark-management/internal/service/bookmark_service.go:30.75,32.16 2 0
github.com/PhanNam1501/bookmark-management/internal/service/bookmark_service.go:32.16,34.3 1 0
github.com/PhanNam1501/bookmark-management/internal/service/bookmark_service.go:36.2,36.12 1 0
github.com/PhanNam1501/bookmark-management/internal/service/pass_service.go:25.29,27.2 1 1
github.com/PhanNam1501/bookmark-management/internal/service/pass_service.go:30.62,33.31 2 1
github.com/PhanNam1501/bookmark-management/internal/service/pass_service.go:33.31,35.17 2 1
github.com/PhanNam1501/bookmark-management/internal/service/pass_service.go:35.17,37.4 1 0
github.com/PhanNam1501/bookmark-management/internal/service/pass_service.go:39.3,39.53 1 1
github.com/PhanNam1501/bookmark-management/internal/service/pass_service.go:42.2,42.33 1 1
github.com/PhanNam1501/bookmark-management/internal/service/shortenurl_service.go:25.83,30.2 1 1
github.com/PhanNam1501/bookmark-management/internal/service/shortenurl_service.go:32.89,34.36 1 1
github.com/PhanNam1501/bookmark-management/internal/service/shortenurl_service.go:34.36,36.17 2 1
github.com/PhanNam1501/bookmark-management/internal/service/shortenurl_service.go:36.17,38.4 1 0
github.com/PhanNam1501/bookmark-management/internal/service/shortenurl_service.go:39.3,40.17 2 1
github.com/PhanNam1501/bookmark-management/internal/service/shortenurl_service.go:40.17,42.4 1 0
github.com/PhanNam1501/bookmark-management/internal/service/shortenurl_service.go:43.3,43.17 1 1
github.com/PhanNam1501/bookmark-management/internal/service/shortenurl_service.go:43.17,45.4 1 1
github.com/PhanNam1501/bookmark-management/internal/service/shortenurl_service.go:48.2,48.70 1 0
github.com/PhanNam1501/bookmark-management/internal/service/shortenurl_service.go:51.102,52.36 1 1
github.com/PhanNam1501/bookmark-management/internal/service/shortenurl_service.go:52.36,54.17 2 1
github.com/PhanNam1501/bookmark-management/internal/service/shortenurl_service.go:54.17,56.4 1 0
github.com/PhanNam1501/bookmark-management/internal/service/shortenurl_service.go:57.3,58.17 2 1
github.com/PhanNam1501/bookmark-management/internal/service/shortenurl_service.go:58.17,60.4 1 0
github.com/PhanNam1501/bookmark-management/internal/service/shortenurl_service.go:61.3,61.17 1 1
github.com/PhanNam1501/bookmark-management/internal/service/shortenurl_service.go:61.17,63.4 1 1
github.com/PhanNam1501/bookmark-management/internal/service/shortenurl_service.go:66.2,66.70 1 0
github.com/PhanNam1501/bookmark-management/internal/service/urlredirect_service.go:18.67,22.2 1 1
github.com/PhanNam1501/bookmark-management/internal/service/urlredirect_service.go:24.95,27.2 2 1
github.com/PhanNam1501/bookmark-management/internal/repository/urlstorage.go:27.58,31.2 1 1
github.com/PhanNam1501/bookmark-management/internal/repository/urlstorage.go:33.70,35.16 2 0
github.com/PhanNam1501/bookmark-management/internal/repository/urlstorage.go:35.16,37.3 1 0
github.com/PhanNam1501/bookmark-management/internal/repository/urlstorage.go:38.2,38.20 1 0
github.com/PhanNam1501/bookmark-management/internal/repository/urlstorage.go:38.20,40.3 1 0
github.com/PhanNam1501/bookmark-management/internal/repository/urlstorage.go:42.2,42.63 1 0
github.com/PhanNam1501/bookmark-management/internal/repository/urlstorage.go:46.86,52.16 2 1
github.com/PhanNam1501/bookmark-management/internal/repository/urlstorage.go:52.16,54.3 1 0
github.com/PhanNam1501/bookmark-management/internal/repository/urlstorage.go:55.2,55.17 1 1
github.com/PhanNam1501/bookmark-management/internal/repository/urlstorage.go:58.101,63.16 2 0
github.com/PhanNam1501/bookmark-management/internal/repository/urlstorage.go:63.16,65.3 1 0
github.com/PhanNam1501/bookmark-management/internal/repository/urlstorage.go:66.2,66.17 1 0
github.com/PhanNam1501/bookmark-management/internal/repository/urlstorage.go:69.87,71.16 2 0
github.com/PhanNam1501/bookmark-management/internal/repository/urlstorage.go:71.16,73.3 1 0
github.com/PhanNam1501/bookmark-management/internal/repository/urlstorage.go:74.2,74.17 1 0
github.com/PhanNam1501/bookmark-management/cmd/test/main.go:10.13,12.16 2 0
github.com/PhanNam1501/bookmark-management/cmd/test/main.go:12.16,13.13 1 0
github.com/PhanNam1501/bookmark-management/cmd/test/main.go:16.2,16.66 1 0
github.com/PhanNam1501/bookmark-management/docs/docs.go:243.13,245.2 1 0
github.com/PhanNam1501/bookmark-management/internal/api/api.go:33.57,48.2 9 0
github.com/PhanNam1501/bookmark-management/internal/api/api.go:50.29,52.2 1 0
github.com/PhanNam1501/bookmark-management/internal/api/api.go:54.65,56.2 1 0
github.com/PhanNam1501/bookmark-management/internal/api/api.go:58.28,62.2 3 0
github.com/PhanNam1501/bookmark-management/internal/api/api.go:64.28,69.2 4 0
github.com/PhanNam1501/bookmark-management/internal/api/api.go:71.28,78.2 5 0
github.com/PhanNam1501/bookmark-management/internal/api/api.go:80.32,87.2 5 0
github.com/PhanNam1501/bookmark-management/internal/api/api.go:89.29,95.2 4 0
github.com/PhanNam1501/bookmark-management/internal/api/config.go:10.51,13.16 3 0
github.com/PhanNam1501/bookmark-management/internal/api/config.go:13.16,15.3 1 0
github.com/PhanNam1501/bookmark-management/internal/api/config.go:17.2,17.17 1 0
github.com/PhanNam1501/bookmark-management/pkg/redis/client.go:5.57,7.16 2 0
github.com/PhanNam1501/bookmark-management/pkg/redis/client.go:7.16,9.3 1 0
github.com/PhanNam1501/bookmark-management/pkg/redis/client.go:11.2,15.9 1 0
github.com/PhanNam1501/bookmark-management/pkg/redis/config.go:11.51,14.16 3 0
github.com/PhanNam1501/bookmark-management/pkg/redis/config.go:14.16,16.3 1 0
github.com/PhanNam1501/bookmark-management/pkg/redis/config.go:18.2,18.17 1 0
github.com/PhanNam1501/bookmark-management/pkg/redis/mock.go:10.48,15.2 2 0
github.com/PhanNam1501/bookmark-management/internal/repository/mocks/urlstorage.go:17.71,20.19 2 0
github.com/PhanNam1501/bookmark-management/internal/repository/mocks/urlstorage.go:20.19,21.62 1 0
github.com/PhanNam1501/bookmark-management/internal/repository/mocks/urlstorage.go:24.2,25.60 2 0
github.com/PhanNam1501/bookmark-management/internal/repository/mocks/urlstorage.go:25.60,27.3 1 0
github.com/PhanNam1501/bookmark-management/internal/repository/mocks/urlstorage.go:27.8,29.3 1 0
github.com/PhanNam1501/bookmark-management/internal/repository/mocks/urlstorage.go:31.2,31.11 1 0
github.com/PhanNam1501/bookmark-management/internal/repository/mocks/urlstorage.go:35.88,38.19 2 0
github.com/PhanNam1501/bookmark-management/internal/repository/mocks/urlstorage.go:38.19,39.56 1 0
github.com/PhanNam1501/bookmark-management/internal/repository/mocks/urlstorage.go:42.2,44.78 3 0
github.com/PhanNam1501/bookmark-management/internal/repository/mocks/urlstorage.go:44.78,46.3 1 0
github.com/PhanNam1501/bookmark-management/internal/repository/mocks/urlstorage.go:47.2,47.69 1 0
github.com/PhanNam1501/bookmark-management/internal/repository/mocks/urlstorage.go:47.69,49.3 1 0
github.com/PhanNam1501/bookmark-management/internal/repository/mocks/urlstorage.go:49.8,51.3 1 0
github.com/PhanNam1501/bookmark-management/internal/repository/mocks/urlstorage.go:53.2,53.68 1 0
github.com/PhanNam1501/bookmark-management/internal/repository/mocks/urlstorage.go:53.68,55.3 1 0
github.com/PhanNam1501/bookmark-management/internal/repository/mocks/urlstorage.go:55.8,57.3 1 0
github.com/PhanNam1501/bookmark-management/internal/repository/mocks/urlstorage.go:59.2,59.15 1 0
github.com/PhanNam1501/bookmark-management/internal/repository/mocks/urlstorage.go:63.109,66.19 2 0
github.com/PhanNam1501/bookmark-management/internal/repository/mocks/urlstorage.go:66.19,67.56 1 0
github.com/PhanNam1501/bookmark-management/internal/repository/mocks/urlstorage.go:70.2,72.91 3 0
github.com/PhanNam1501/bookmark-management/internal/repository/mocks/urlstorage.go:72.91,74.3 1 0
github.com/PhanNam1501/bookmark-management/internal/repository/mocks/urlstorage.go:75.2,75.82 1 0
github.com/PhanNam1501/bookmark-management/internal/repository/mocks/urlstorage.go:75.82,77.3 1 0
github.com/PhanNam1501/bookmark-management/internal/repository/mocks/urlstorage.go:77.8,79.3 1 0
github.com/PhanNam1501/bookmark-management/internal/repository/mocks/urlstorage.go:81.2,81.81 1 0
github.com/PhanNam1501/bookmark-management/internal/repository/mocks/urlstorage.go:81.81,83.3 1 0
github.com/PhanNam1501/bookmark-management/internal/repository/mocks/urlstorage.go:83.8,85.3 1 0
github.com/PhanNam1501/bookmark-management/internal/repository/mocks/urlstorage.go:87.2,87.15 1 0
github.com/PhanNam1501/bookmark-management/internal/repository/mocks/urlstorage.go:91.94,94.19 2 0
github.com/PhanNam1501/bookmark-management/internal/repository/mocks/urlstorage.go:94.19,95.50 1 0
github.com/PhanNam1501/bookmark-management/internal/repository/mocks/urlstorage.go:98.2,100.86 3 0
github.com/PhanNam1501/bookmark-management/internal/repository/mocks/urlstorage.go:100.86,102.3 1 0
github.com/PhanNam1501/bookmark-management/internal/repository/mocks/urlstorage.go:103.2,103.77 1 0
github.com/PhanNam1501/bookmark-management/internal/repository/mocks/urlstorage.go:103.77,105.3 1 0
github.com/PhanNam1501/bookmark-management/internal/repository/mocks/urlstorage.go:105.8,107.3 1 0
github.com/PhanNam1501/bookmark-management/internal/repository/mocks/urlstorage.go:109.2,109.76 1 0
github.com/PhanNam1501/bookmark-management/internal/repository/mocks/urlstorage.go:109.76,111.3 1 0
github.com/PhanNam1501/bookmark-management/internal/repository/mocks/urlstorage.go:111.8,113.3 1 0
github.com/PhanNam1501/bookmark-management/internal/repository/mocks/urlstorage.go:115.2,115.15 1 0
github.com/PhanNam1501/bookmark-management/internal/repository/mocks/urlstorage.go:123.16,127.19 3 0
github.com/PhanNam1501/bookmark-management/internal/repository/mocks/urlstorage.go:127.19,127.49 1 0
github.com/PhanNam1501/bookmark-management/internal/repository/mocks/urlstorage.go:129.2,129.13 1 0
github.com/PhanNam1501/bookmark-management/cmd/api/main.go:14.13,18.16 3 0
github.com/PhanNam1501/bookmark-management/cmd/api/main.go:18.16,19.13 1 0
github.com/PhanNam1501/bookmark-management/cmd/api/main.go:21.2,22.16 2 0
github.com/PhanNam1501/bookmark-management/cmd/api/main.go:22.16,23.13 1 0
github.com/PhanNam1501/bookmark-management/cmd/api/main.go:25.2,26.13 2 0
github.com/PhanNam1501/bookmark-management/pkg/logger/level.go:11.20,13.44 2 0
github.com/PhanNam1501/bookmark-management/pkg/logger/level.go:13.44,15.3 1 0
github.com/PhanNam1501/bookmark-management/pkg/logger/level.go:17.2,17.31 1 0
github.com/PhanNam1501/bookmark-management/internal/service/mocks/bookmark_service.go:17.69,20.19 2 0
github.com/PhanNam1501/bookmark-management/internal/service/mocks/bookmark_service.go:20.19,21.62 1 0
github.com/PhanNam1501/bookmark-management/internal/service/mocks/bookmark_service.go:24.2,25.60 2 0
github.com/PhanNam1501/bookmark-management/internal/service/mocks/bookmark_service.go:25.60,27.3 1 0
github.com/PhanNam1501/bookmark-management/internal/service/mocks/bookmark_service.go:27.8,29.3 1 0
github.com/PhanNam1501/bookmark-management/internal/service/mocks/bookmark_service.go:31.2,31.11 1 0
github.com/PhanNam1501/bookmark-management/internal/service/mocks/bookmark_service.go:35.43,38.19 2 0
github.com/PhanNam1501/bookmark-management/internal/service/mocks/bookmark_service.go:38.19,39.54 1 0
github.com/PhanNam1501/bookmark-management/internal/service/mocks/bookmark_service.go:42.2,43.46 2 0
github.com/PhanNam1501/bookmark-management/internal/service/mocks/bookmark_service.go:43.46,45.3 1 0
github.com/PhanNam1501/bookmark-management/internal/service/mocks/bookmark_service.go:45.8,47.3 1 0
github.com/PhanNam1501/bookmark-management/internal/service/mocks/bookmark_service.go:49.2,49.11 1 0
github.com/PhanNam1501/bookmark-management/internal/service/mocks/bookmark_service.go:57.14,61.19 3 0
github.com/PhanNam1501/bookmark-management/internal/service/mocks/bookmark_service.go:61.19,61.49 1 0
github.com/PhanNam1501/bookmark-management/internal/service/mocks/bookmark_service.go:63.2,63.13 1 0
github.com/PhanNam1501/bookmark-management/internal/service/mocks/pass_service.go:13.56,16.19 2 0
github.com/PhanNam1501/bookmark-management/internal/service/mocks/pass_service.go:16.19,17.58 1 0
github.com/PhanNam1501/bookmark-management/internal/service/mocks/pass_service.go:20.2,22.55 3 0
github.com/PhanNam1501/bookmark-management/internal/service/mocks/pass_service.go:22.55,24.3 1 0
github.com/PhanNam1501/bookmark-management/internal/service/mocks/pass_service.go:25.2,25.46 1 0
github.com/PhanNam1501/bookmark-management/internal/service/mocks/pass_service.go:25.46,27.3 1 0
github.com/PhanNam1501/bookmark-management/internal/service/mocks/pass_service.go:27.8,29.3 1 0
github.com/PhanNam1501/bookmark-management/internal/service/mocks/pass_service.go:31.2,31.45 1 0
github.com/PhanNam1501/bookmark-management/internal/service/mocks/pass_service.go:31.45,33.3 1 0
github.com/PhanNam1501/bookmark-management/internal/service/mocks/pass_service.go:33.8,35.3 1 0
github.com/PhanNam1501/bookmark-management/internal/service/mocks/pass_service.go:37.2,37.15 1 0
github.com/PhanNam1501/bookmark-management/internal/service/mocks/pass_service.go:45.14,49.19 3 0
github.com/PhanNam1501/bookmark-management/internal/service/mocks/pass_service.go:49.19,49.49 1 0
github.com/PhanNam1501/bookmark-management/internal/service/mocks/pass_service.go:51.2,51.13 1 0
github.com/PhanNam1501/bookmark-management/internal/service/mocks/shortenurl_service.go:17.96,20.19 2 0
github.com/PhanNam1501/bookmark-management/internal/service/mocks/shortenurl_service.go:20.19,21.56 1 0
github.com/PhanNam1501/bookmark-management/internal/service/mocks/shortenurl_service.go:24.2,26.83 3 0
github.com/PhanNam1501/bookmark-management/internal/service/mocks/shortenurl_service.go:26.83,28.3 1 0
github.com/PhanNam1501/bookmark-management/internal/service/mocks/shortenurl_service.go:29.2,29.74 1 0
github.com/PhanNam1501/bookmark-management/internal/service/mocks/shortenurl_service.go:29.74,31.3 1 0
github.com/PhanNam1501/bookmark-management/internal/service/mocks/shortenurl_service.go:31.8,33.3 1 0
github.com/PhanNam1501/bookmark-management/internal/service/mocks/shortenurl_service.go:35.2,35.73 1 0
github.com/PhanNam1501/bookmark-management/internal/service/mocks/shortenurl_service.go:35.73,37.3 1 0
github.com/PhanNam1501/bookmark-management/internal/service/mocks/shortenurl_service.go:37.8,39.3 1 0
github.com/PhanNam1501/bookmark-management/internal/service/mocks/shortenurl_service.go:41.2,41.15 1 0
github.com/PhanNam1501/bookmark-management/internal/service/mocks/shortenurl_service.go:45.83,48.19 2 0
github.com/PhanNam1501/bookmark-management/internal/service/mocks/shortenurl_service.go:48.19,49.52 1 0
github.com/PhanNam1501/bookmark-management/internal/service/mocks/shortenurl_service.go:52.2,54.78 3 0
github.com/PhanNam1501/bookmark-management/internal/service/mocks/shortenurl_service.go:54.78,56.3 1 0
github.com/PhanNam1501/bookmark-management/internal/service/mocks/shortenurl_service.go:57.2,57.69 1 0
github.com/PhanNam1501/bookmark-management/internal/service/mocks/shortenurl_service.go:57.69,59.3 1 0
github.com/PhanNam1501/bookmark-management/internal/service/mocks/shortenurl_service.go:59.8,61.3 1 0
github.com/PhanNam1501/bookmark-management/internal/service/mocks/shortenurl_service.go:63.2,63.68 1 0
github.com/PhanNam1501/bookmark-management/internal/service/mocks/shortenurl_service.go:63.68,65.3 1 0
github.com/PhanNam1501/bookmark-management/internal/service/mocks/shortenurl_service.go:65.8,67.3 1 0
github.com/PhanNam1501/bookmark-management/internal/service/mocks/shortenurl_service.go:69.2,69.15 1 0
github.com/PhanNam1501/bookmark-management/internal/service/mocks/shortenurl_service.go:77.16,81.19 3 0
github.com/PhanNam1501/bookmark-management/internal/service/mocks/shortenurl_service.go:81.19,81.49 1 0
github.com/PhanNam1501/bookmark-management/internal/service/mocks/shortenurl_service.go:83.2,83.13 1 0
github.com/PhanNam1501/bookmark-management/internal/service/mocks/urlredirect_service.go:17.89,20.19 2 0
github.com/PhanNam1501/bookmark-management/internal/service/mocks/urlredirect_service.go:20.19,21.56 1 0
github.com/PhanNam1501/bookmark-management/internal/service/mocks/urlredirect_service.go:24.2,26.78 3 0
github.com/PhanNam1501/bookmark-management/internal/service/mocks/urlredirect_service.go:26.78,28.3 1 0
github.com/PhanNam1501/bookmark-management/internal/service/mocks/urlredirect_service.go:29.2,29.69 1 0
github.com/PhanNam1501/bookmark-management/internal/service/mocks/urlredirect_service.go:29.69,31.3 1 0
github.com/PhanNam1501/bookmark-management/internal/service/mocks/urlredirect_service.go:31.8,33.3 1 0
github.com/PhanNam1501/bookmark-management/internal/service/mocks/urlredirect_service.go:35.2,35.68 1 0
github.com/PhanNam1501/bookmark-management/internal/service/mocks/urlredirect_service.go:35.68,37.3 1 0
github.com/PhanNam1501/bookmark-management/internal/service/mocks/urlredirect_service.go:37.8,39.3 1 0
github.com/PhanNam1501/bookmark-management/internal/service/mocks/urlredirect_service.go:41.2,41.15 1 0
github.com/PhanNam1501/bookmark-management/internal/service/mocks/urlredirect_service.go:49.17,53.19 3 0
github.com/PhanNam1501/bookmark-management/internal/service/mocks/urlredirect_service.go:53.19,53.49 1 0
github.com/PhanNam1501/bookmark-management/internal/service/mocks/urlredirect_service.go:55.2,55.13 1 0
