mode: atomic
github.com/PhanNam1501/bookmark-management/internal/api/api.go:33.57,48.2 9 0
github.com/PhanNam1501/bookmark-management/internal/api/api.go:50.29,52.2 1 0
github.com/PhanNam1501/bookmark-management/internal/api/api.go:54.65,56.2 1 0
github.com/PhanNam1501/bookmark-management/internal/api/api.go:58.28,62.2 3 0
github.com/PhanNam1501/bookmark-management/internal/api/api.go:64.28,69.2 4 0
github.com/PhanNam1501/bookmark-management/internal/api/api.go:71.28,78.2 5 0
github.com/PhanNam1501/bookmark-management/internal/api/api.go:80.32,87.2 5 0
github.com/PhanNam1501/bookmark-management/internal/api/api.go:89.29,95.2 4 0
github.com/PhanNam1501/bookmark-management/internal/api/config.go:10.51,13.16 3 0
github.com/PhanNam1501/bookmark-management/internal/api/config.go:13.16,15.3 1 0
github.com/PhanNam1501/bookmark-management/internal/api/config.go:17.2,17.17 1 0
github.com/PhanNam1501/bookmark-management/internal/api/api.go:33.57,48.2 9 0
github.com/PhanNam1501/bookmark-management/internal/api/api.go:50.29,52.2 1 0
github.com/PhanNam1501/bookmark-management/internal/api/api.go:54.65,56.2 1 0
github.com/PhanNam1501/bookmark-management/internal/api/api.go:58.28,62.2 3 0
github.com/PhanNam1501/bookmark-management/internal/api/api.go:64.28,69.2 4 0
github.com/PhanNam1501/bookmark-management/internal/api/api.go:71.28,78.2 5 0
github.com/PhanNam1501/bookmark-management/internal/api/api.go:80.32,87.2 5 0
github.com/PhanNam1501/bookmark-management/internal/api/api.go:89.29,95.2 4 0
github.com/PhanNam1501/bookmark-management/internal/api/config.go:10.51,13.16 3 0
github.com/PhanNam1501/bookmark-management/internal/api/config.go:13.16,15.3 1 0
github.com/PhanNam1501/bookmark-management/internal/api/config.go:17.2,17.17 1 0
github.com/PhanNam1501/bookmark-management/internal/handler/bookmark_handler.go:24.56,26.2 1 1
github.com/PhanNam1501/bookmark-management/internal/handler/bookmark_handler.go:37.51,39.16 2 1
github.com/PhanNam1501/bookmark-management/internal/handler/bookmark_handler.go:39.16,44.3 2 0
github.com/PhanNam1501/bookmark-management/internal/handler/bookmark_handler.go:46.2,53.29 3 1
github.com/PhanNam1501/bookmark-management/internal/handler/linkshorten_handler.go:18.65,22.2 1 1
github.com/PhanNam1501/bookmark-management/internal/handler/linkshorten_handler.go:41.62,43.48 2 1
github.com/PhanNam1501/bookmark-management/internal/handler/linkshorten_handler.go:43.48,46.3 2 0
github.com/PhanNam1501/bookmark-management/internal/handler/linkshorten_handler.go:48.2,49.16 2 1
github.com/PhanNam1501/bookmark-management/internal/handler/linkshorten_handler.go:49.16,52.3 2 0
github.com/PhanNam1501/bookmark-management/internal/handler/linkshorten_handler.go:54.2,57.4 1 1
github.com/PhanNam1501/bookmark-management/internal/handler/pass_handler.go:18.56,20.2 1 2
github.com/PhanNam1501/bookmark-management/internal/handler/pass_handler.go:27.51,29.16 2 2
github.com/PhanNam1501/bookmark-management/internal/handler/pass_handler.go:29.16,32.3 2 1
github.com/PhanNam1501/bookmark-management/internal/handler/pass_handler.go:34.2,34.31 1 1
github.com/PhanNam1501/bookmark-management/internal/handler/redirecturl_handler.go:18.65,22.2 1 1
github.com/PhanNam1501/bookmark-management/internal/handler/redirecturl_handler.go:37.58,39.47 2 1
github.com/PhanNam1501/bookmark-management/internal/handler/redirecturl_handler.go:39.47,42.3 2 0
github.com/PhanNam1501/bookmark-management/internal/handler/redirecturl_handler.go:44.2,45.16 2 1
github.com/PhanNam1501/bookmark-management/internal/handler/redirecturl_handler.go:45.16,48.3 2 0
github.com/PhanNam1501/bookmark-management/internal/handler/redirecturl_handler.go:50.2,50.46 1 1
github.com/PhanNam1501/bookmark-management/internal/handler/shortenurl_handler.go:19.62,23.2 1 1
github.com/PhanNam1501/bookmark-management/internal/handler/shortenurl_handler.go:40.56,42.48 2 1
github.com/PhanNam1501/bookmark-management/internal/handler/shortenurl_handler.go:42.48,45.3 2 0
github.com/PhanNam1501/bookmark-management/internal/handler/shortenurl_handler.go:47.2,48.16 2 1
github.com/PhanNam1501/bookmark-management/internal/handler/shortenurl_handler.go:48.16,52.3 3 0
github.com/PhanNam1501/bookmark-management/internal/handler/shortenurl_handler.go:54.2,56.4 1 1
github.com/PhanNam1501/bookmark-management/internal/repository/urlstorage.go:27.58,31.2 1 0
github.com/PhanNam1501/bookmark-management/internal/repository/urlstorage.go:33.70,35.16 2 0
github.com/PhanNam1501/bookmark-management/internal/repository/urlstorage.go:35.16,37.3 1 0
github.com/PhanNam1501/bookmark-management/internal/repository/urlstorage.go:38.2,38.20 1 0
github.com/PhanNam1501/bookmark-management/internal/repository/urlstorage.go:38.20,40.3 1 0
github.com/PhanNam1501/bookmark-management/internal/repository/urlstorage.go:42.2,42.63 1 0
github.com/PhanNam1501/bookmark-management/internal/repository/urlstorage.go:46.86,52.16 2 0
github.com/PhanNam1501/bookmark-management/internal/repository/urlstorage.go:52.16,54.3 1 0
github.com/PhanNam1501/bookmark-management/internal/repository/urlstorage.go:55.2,55.17 1 0
github.com/PhanNam1501/bookmark-management/internal/repository/urlstorage.go:58.101,63.16 2 0
github.com/PhanNam1501/bookmark-management/internal/repository/urlstorage.go:63.16,65.3 1 0
github.com/PhanNam1501/bookmark-management/internal/repository/urlstorage.go:66.2,66.17 1 0
github.com/PhanNam1501/bookmark-management/internal/repository/urlstorage.go:69.87,71.16 2 0
github.com/PhanNam1501/bookmark-management/internal/repository/urlstorage.go:71.16,73.3 1 0
github.com/PhanNam1501/bookmark-management/internal/repository/urlstorage.go:74.2,74.17 1 0
github.com/PhanNam1501/bookmark-management/internal/service/bookmark_service.go:20.61,24.2 1 0
github.com/PhanNam1501/bookmark-management/internal/service/bookmark_service.go:26.49,28.2 1 0
github.com/PhanNam1501/bookmark-management/internal/service/bookmark_service.go:30.75,32.16 2 0
github.com/PhanNam1501/bookmark-management/internal/service/bookmark_service.go:32.16,34.3 1 0
github.com/PhanNam1501/bookmark-management/internal/service/bookmark_service.go:36.2,36.12 1 0
github.com/PhanNam1501/bookmark-management/internal/service/pass_service.go:25.29,27.2 1 0
github.com/PhanNam1501/bookmark-management/internal/service/pass_service.go:30.62,33.31 2 0
github.com/PhanNam1501/bookmark-management/internal/service/pass_service.go:33.31,35.17 2 0
github.com/PhanNam1501/bookmark-management/internal/service/pass_service.go:35.17,37.4 1 0
github.com/PhanNam1501/bookmark-management/internal/service/pass_service.go:39.3,39.53 1 0
github.com/PhanNam1501/bookmark-management/internal/service/pass_service.go:42.2,42.33 1 0
github.com/PhanNam1501/bookmark-management/internal/service/shortenurl_service.go:25.83,30.2 1 0
github.com/PhanNam1501/bookmark-management/internal/service/shortenurl_service.go:32.89,34.36 1 0
github.com/PhanNam1501/bookmark-management/internal/service/shortenurl_service.go:34.36,36.17 2 0
github.com/PhanNam1501/bookmark-management/internal/service/shortenurl_service.go:36.17,38.4 1 0
github.com/PhanNam1501/bookmark-management/internal/service/shortenurl_service.go:39.3,40.17 2 0
github.com/PhanNam1501/bookmark-management/internal/service/shortenurl_service.go:40.17,42.4 1 0
github.com/PhanNam1501/bookmark-management/internal/service/shortenurl_service.go:43.3,43.17 1 0
github.com/PhanNam1501/bookmark-management/internal/service/shortenurl_service.go:43.17,45.4 1 0
github.com/PhanNam1501/bookmark-management/internal/service/shortenurl_service.go:48.2,48.70 1 0
github.com/PhanNam1501/bookmark-management/internal/service/shortenurl_service.go:51.102,52.36 1 0
github.com/PhanNam1501/bookmark-management/internal/service/shortenurl_service.go:52.36,54.17 2 0
github.com/PhanNam1501/bookmark-management/internal/service/shortenurl_service.go:54.17,56.4 1 0
github.com/PhanNam1501/bookmark-management/internal/service/shortenurl_service.go:57.3,58.17 2 0
github.com/PhanNam1501/bookmark-management/internal/service/shortenurl_service.go:58.17,60.4 1 0
github.com/PhanNam1501/bookmark-management/internal/service/shortenurl_service.go:61.3,61.17 1 0
github.com/PhanNam1501/bookmark-management/internal/service/shortenurl_service.go:61.17,63.4 1 0
github.com/PhanNam1501/bookmark-management/internal/service/shortenurl_service.go:66.2,66.70 1 0
github.com/PhanNam1501/bookmark-management/internal/service/urlredirect_service.go:18.67,22.2 1 0
github.com/PhanNam1501/bookmark-management/internal/service/urlredirect_service.go:24.95,27.2 2 0
github.com/PhanNam1501/bookmark-management/pkg/logger/level.go:11.20,13.44 2 0
github.com/PhanNam1501/bookmark-management/pkg/logger/level.go:13.44,15.3 1 0
github.com/PhanNam1501/bookmark-management/pkg/logger/level.go:17.2,17.31 1 0
github.com/PhanNam1501/bookmark-management/pkg/redis/client.go:5.57,7.16 2 0
github.com/PhanNam1501/bookmark-management/pkg/redis/client.go:7.16,9.3 1 0
github.com/PhanNam1501/bookmark-management/pkg/redis/client.go:11.2,15.9 1 0
github.com/PhanNam1501/bookmark-management/pkg/redis/config.go:11.51,14.16 3 0
github.com/PhanNam1501/bookmark-management/pkg/redis/config.go:14.16,16.3 1 0
github.com/PhanNam1501/bookmark-management/pkg/redis/config.go:18.2,18.17 1 0
github.com/PhanNam1501/bookmark-management/pkg/redis/mock.go:10.48,15.2 2 0
github.com/PhanNam1501/bookmark-management/internal/api/api.go:33.57,48.2 9 0
github.com/PhanNam1501/bookmark-management/internal/api/api.go:50.29,52.2 1 0
github.com/PhanNam1501/bookmark-management/internal/api/api.go:54.65,56.2 1 0
github.com/PhanNam1501/bookmark-management/internal/api/api.go:58.28,62.2 3 0
github.com/PhanNam1501/bookmark-management/internal/api/api.go:64.28,69.2 4 0
github.com/PhanNam1501/bookmark-management/internal/api/api.go:71.28,78.2 5 0
github.com/PhanNam1501/bookmark-management/internal/api/api.go:80.32,87.2 5 0
github.com/PhanNam1501/bookmark-management/internal/api/api.go:89.29,95.2 4 0
github.com/PhanNam1501/bookmark-management/internal/api/config.go:10.51,13.16 3 0
github.com/PhanNam1501/bookmark-management/internal/api/config.go:13.16,15.3 1 0
github.com/PhanNam1501/bookmark-management/internal/api/config.go:17.2,17.17 1 0
github.com/PhanNam1501/bookmark-management/internal/handler/bookmark_handler.go:24.56,26.2 1 0
github.com/PhanNam1501/bookmark-management/internal/handler/bookmark_handler.go:37.51,39.16 2 0
github.com/PhanNam1501/bookmark-management/internal/handler/bookmark_handler.go:39.16,44.3 2 0
github.com/PhanNam1501/bookmark-management/internal/handler/bookmark_handler.go:46.2,53.29 3 0
github.com/PhanNam1501/bookmark-management/internal/handler/linkshorten_handler.go:18.65,22.2 1 0
github.com/PhanNam1501/bookmark-management/internal/handler/linkshorten_handler.go:41.62,43.48 2 0
github.com/PhanNam1501/bookmark-management/internal/handler/linkshorten_handler.go:43.48,46.3 2 0
github.com/PhanNam1501/bookmark-management/internal/handler/linkshorten_handler.go:48.2,49.16 2 0
github.com/PhanNam1501/bookmark-management/internal/handler/linkshorten_handler.go:49.16,52.3 2 0
github.com/PhanNam1501/bookmark-management/internal/handler/linkshorten_handler.go:54.2,57.4 1 0
github.com/PhanNam1501/bookmark-management/internal/handler/pass_handler.go:18.56,20.2 1 0
github.com/PhanNam1501/bookmark-management/internal/handler/pass_handler.go:27.51,29.16 2 0
github.com/PhanNam1501/bookmark-management/internal/handler/pass_handler.go:29.16,32.3 2 0
github.com/PhanNam1501/bookmark-management/internal/handler/pass_handler.go:34.2,34.31 1 0
github.com/PhanNam1501/bookmark-management/internal/handler/redirecturl_handler.go:18.65,22.2 1 0
github.com/PhanNam1501/bookmark-management/internal/handler/redirecturl_handler.go:37.58,39.47 2 0
github.com/PhanNam1501/bookmark-management/internal/handler/redirecturl_handler.go:39.47,42.3 2 0
github.com/PhanNam1501/bookmark-management/internal/handler/redirecturl_handler.go:44.2,45.16 2 0
github.com/PhanNam1501/bookmark-management/internal/handler/redirecturl_handler.go:45.16,48.3 2 0
github.com/PhanNam1501/bookmark-management/internal/handler/redirecturl_handler.go:50.2,50.46 1 0
github.com/PhanNam1501/bookmark-management/internal/handler/shortenurl_handler.go:19.62,23.2 1 0
github.com/PhanNam1501/bookmark-management/internal/handler/shortenurl_handler.go:40.56,42.48 2 0
github.com/PhanNam1501/bookmark-management/internal/handler/shortenurl_handler.go:42.48,45.3 2 0
github.com/PhanNam1501/bookmark-management/internal/handler/shortenurl_handler.go:47.2,48.16 2 0
github.com/PhanNam1501/bookmark-management/internal/handler/shortenurl_handler.go:48.16,52.3 3 0
github.com/PhanNam1501/bookmark-management/internal/handler/shortenurl_handler.go:54.2,56.4 1 0
github.com/PhanNam1501/bookmark-management/internal/repository/urlstorage.go:27.58,31.2 1 1
github.com/PhanNam1501/bookmark-management/internal/repository/urlstorage.go:33.70,35.16 2 0
github.com/PhanNam1501/bookmark-management/internal/repository/urlstorage.go:35.16,37.3 1 0
github.com/PhanNam1501/bookmark-management/internal/repository/urlstorage.go:38.2,38.20 1 0
github.com/PhanNam1501/bookmark-management/internal/repository/urlstorage.go:38.20,40.3 1 0
github.com/PhanNam1501/bookmark-management/internal/repository/urlstorage.go:42.2,42.63 1 0
github.com/PhanNam1501/bookmark-management/internal/repository/urlstorage.go:46.86,52.16 2 1
github.com/PhanNam1501/bookmark-management/internal/repository/urlstorage.go:52.16,54.3 1 0
github.com/PhanNam1501/bookmark-management/internal/repository/urlstorage.go:55.2,55.17 1 1
github.com/PhanNam1501/bookmark-management/internal/repository/urlstorage.go:58.101,63.16 2 0
github.com/PhanNam1501/bookmark-management/internal/repository/urlstorage.go:63.16,65.3 1 0
github.com/PhanNam1501/bookmark-management/internal/repository/urlstorage.go:66.2,66.17 1 0
github.com/PhanNam1501/bookmark-management/internal/repository/urlstorage.go:69.87,71.16 2 0
github.com/PhanNam1501/bookmark-management/internal/repository/urlstorage.go:71.16,73.3 1 0
github.com/PhanNam1501/bookmark-management/internal/repository/urlstorage.go:74.2,74.17 1 0
github.com/PhanNam1501/bookmark-management/internal/service/bookmark_service.go:20.61,24.2 1 0
github.com/PhanNam1501/bookmark-management/internal/service/bookmark_service.go:26.49,28.2 1 0
github.com/PhanNam1501/bookmark-management/internal/service/bookmark_service.go:30.75,32.16 2 0
github.com/PhanNam1501/bookmark-management/internal/service/bookmark_service.go:32.16,34.3 1 0
github.com/PhanNam1501/bookmark-management/internal/service/bookmark_service.go:36.2,36.12 1 0
github.com/PhanNam1501/bookmark-management/internal/service/pass_service.go:25.29,27.2 1 0
github.com/PhanNam1501/bookmark-management/internal/service/pass_service.go:30.62,33.31 2 0
github.com/PhanNam1501/bookmark-management/internal/service/pass_service.go:33.31,35.17 2 0
github.com/PhanNam1501/bookmark-management/internal/service/pass_service.go:35.17,37.4 1 0
github.com/PhanNam1501/bookmark-management/internal/service/pass_service.go:39.3,39.53 1 0
github.com/PhanNam1501/bookmark-management/internal/service/pass_service.go:42.2,42.33 1 0
github.com/PhanNam1501/bookmark-management/internal/service/shortenurl_service.go:25.83,30.2 1 0
github.com/PhanNam1501/bookmark-management/internal/service/shortenurl_service.go:32.89,34.36 1 0
github.com/PhanNam1501/bookmark-management/internal/service/shortenurl_service.go:34.36,36.17 2 0
github.com/PhanNam1501/bookmark-management/internal/service/shortenurl_service.go:36.17,38.4 1 0
github.com/PhanNam1501/bookmark-management/internal/service/shortenurl_service.go:39.3,40.17 2 0
github.com/PhanNam1501/bookmark-management/internal/service/shortenurl_service.go:40.17,42.4 1 0
github.com/PhanNam1501/bookmark-management/internal/service/shortenurl_service.go:43.3,43.17 1 0
github.com/PhanNam1501/bookmark-management/internal/service/shortenurl_service.go:43.17,45.4 1 0
github.com/PhanNam1501/bookmark-management/internal/service/shortenurl_service.go:48.2,48.70 1 0
github.com/PhanNam1501/bookmark-management/internal/service/shortenurl_service.go:51.102,52.36 1 0
github.com/PhanNam1501/bookmark-management/internal/service/shortenurl_service.go:52.36,54.17 2 0
github.com/PhanNam1501/bookmark-management/internal/service/shortenurl_service.go:54.17,56.4 1 0
github.com/PhanNam1501/bookmark-management/internal/service/shortenurl_service.go:57.3,58.17 2 0
github.com/PhanNam1501/bookmark-management/internal/service/shortenurl_service.go:58.17,60.4 1 0
github.com/PhanNam1501/bookmark-management/internal/service/shortenurl_service.go:61.3,61.17 1 0
github.com/PhanNam1501/bookmark-management/internal/service/shortenurl_service.go:61.17,63.4 1 0
github.com/PhanNam1501/bookmark-management/internal/service/shortenurl_service.go:66.2,66.70 1 0
github.com/PhanNam1501/bookmark-management/internal/service/urlredirect_service.go:18.67,22.2 1 0
github.com/PhanNam1501/bookmark-management/internal/service/urlredirect_service.go:24.95,27.2 2 0
github.com/PhanNam1501/bookmark-management/pkg/logger/level.go:11.20,13.44 2 0
github.com/PhanNam1501/bookmark-management/pkg/logger/level.go:13.44,15.3 1 0
github.com/PhanNam1501/bookmark-management/pkg/logger/level.go:17.2,17.31 1 0
github.com/PhanNam1501/bookmark-management/pkg/redis/client.go:5.57,7.16 2 0
github.com/PhanNam1501/bookmark-management/pkg/redis/client.go:7.16,9.3 1 0
github.com/PhanNam1501/bookmark-management/pkg/redis/client.go:11.2,15.9 1 0
github.com/PhanNam1501/bookmark-management/pkg/redis/config.go:11.51,14.16 3 0
github.com/PhanNam1501/bookmark-management/pkg/redis/config.go:14.16,16.3 1 0
github.com/PhanNam1501/bookmark-management/pkg/redis/config.go:18.2,18.17 1 0
github.com/PhanNam1501/bookmark-management/pkg/redis/mock.go:10.48,15.2 2 1
github.com/PhanNam1501/bookmark-management/internal/api/api.go:33.57,48.2 9 0
github.com/PhanNam1501/bookmark-management/internal/api/api.go:50.29,52.2 1 0
github.com/PhanNam1501/bookmark-management/internal/api/api.go:54.65,56.2 1 0
github.com/PhanNam1501/bookmark-management/internal/api/api.go:58.28,62.2 3 0
github.com/PhanNam1501/bookmark-management/internal/api/api.go:64.28,69.2 4 0
github.com/PhanNam1501/bookmark-management/internal/api/api.go:71.28,78.2 5 0
github.com/PhanNam1501/bookmark-management/internal/api/api.go:80.32,87.2 5 0
github.com/PhanNam1501/bookmark-management/internal/api/api.go:89.29,95.2 4 0
github.com/PhanNam1501/bookmark-management/internal/api/config.go:10.51,13.16 3 0
github.com/PhanNam1501/bookmark-management/internal/api/config.go:13.16,15.3 1 0
github.com/PhanNam1501/bookmark-management/internal/api/config.go:17.2,17.17 1 0
github.com/PhanNam1501/bookmark-management/internal/handler/bookmark_handler.go:24.56,26.2 1 0
github.com/PhanNam1501/bookmark-management/internal/handler/bookmark_handler.go:37.51,39.16 2 0
github.com/PhanNam1501/bookmark-management/internal/handler/bookmark_handler.go:39.16,44.3 2 0
github.com/PhanNam1501/bookmark-management/internal/handler/bookmark_handler.go:46.2,53.29 3 0
github.com/PhanNam1501/bookmark-management/internal/handler/linkshorten_handler.go:18.65,22.2 1 0
github.com/PhanNam1501/bookmark-management/internal/handler/linkshorten_handler.go:41.62,43.48 2 0
github.com/PhanNam1501/bookmark-management/internal/handler/linkshorten_handler.go:43.48,46.3 2 0
github.com/PhanNam1501/bookmark-management/internal/handler/linkshorten_handler.go:48.2,49.16 2 0
github.com/PhanNam1501/bookmark-management/internal/handler/linkshorten_handler.go:49.16,52.3 2 0
github.com/PhanNam1501/bookmark-management/internal/handler/linkshorten_handler.go:54.2,57.4 1 0
github.com/PhanNam1501/bookmark-management/internal/handler/pass_handler.go:18.56,20.2 1 0
github.com/PhanNam1501/bookmark-management/internal/handler/pass_handler.go:27.51,29.16 2 0
github.com/PhanNam1501/bookmark-management/internal/handler/pass_handler.go:29.16,32.3 2 0
github.com/PhanNam1501/bookmark-management/internal/handler/pass_handler.go:34.2,34.31 1 0
github.com/PhanNam1501/bookmark-management/internal/handler/redirecturl_handler.go:18.65,22.2 1 0
github.com/PhanNam1501/bookmark-management/internal/handler/redirecturl_handler.go:37.58,39.47 2 0
github.com/PhanNam1501/bookmark-management/internal/handler/redirecturl_handler.go:39.47,42.3 2 0
github.com/PhanNam1501/bookmark-management/internal/handler/redirecturl_handler.go:44.2,45.16 2 0
github.com/PhanNam1501/bookmark-management/internal/handler/redirecturl_handler.go:45.16,48.3 2 0
github.com/PhanNam1501/bookmark-management/internal/handler/redirecturl_handler.go:50.2,50.46 1 0
github.com/PhanNam1501/bookmark-management/internal/handler/shortenurl_handler.go:19.62,23.2 1 0
github.com/PhanNam1501/bookmark-management/internal/handler/shortenurl_handler.go:40.56,42.48 2 0
github.com/PhanNam1501/bookmark-management/internal/handler/shortenurl_handler.go:42.48,45.3 2 0
github.com/PhanNam1501/bookmark-management/internal/handler/shortenurl_handler.go:47.2,48.16 2 0
github.com/PhanNam1501/bookmark-management/internal/handler/shortenurl_handler.go:48.16,52.3 3 0
github.com/PhanNam1501/bookmark-management/internal/handler/shortenurl_handler.go:54.2,56.4 1 0
github.com/PhanNam1501/bookmark-management/internal/repository/urlstorage.go:27.58,31.2 1 0
github.com/PhanNam1501/bookmark-management/internal/repository/urlstorage.go:33.70,35.16 2 0
github.com/PhanNam1501/bookmark-management/internal/repository/urlstorage.go:35.16,37.3 1 0
github.com/PhanNam1501/bookmark-management/internal/repository/urlstorage.go:38.2,38.20 1 0
github.com/PhanNam1501/bookmark-management/internal/repository/urlstorage.go:38.20,40.3 1 0
github.com/PhanNam1501/bookmark-management/internal/repository/urlstorage.go:42.2,42.63 1 0
github.com/PhanNam1501/bookmark-management/internal/repository/urlstorage.go:46.86,52.16 2 0
github.com/PhanNam1501/bookmark-management/internal/repository/urlstorage.go:52.16,54.3 1 0
github.com/PhanNam1501/bookmark-management/internal/repository/urlstorage.go:55.2,55.17 1 0
github.com/PhanNam1501/bookmark-management/internal/repository/urlstorage.go:58.101,63.16 2 0
github.com/PhanNam1501/bookmark-management/internal/repository/urlstorage.go:63.16,65.3 1 0
github.com/PhanNam1501/bookmark-management/internal/repository/urlstorage.go:66.2,66.17 1 0
github.com/PhanNam1501/bookmark-management/internal/repository/urlstorage.go:69.87,71.16 2 0
github.com/PhanNam1501/bookmark-management/internal/repository/urlstorage.go:71.16,73.3 1 0
github.com/PhanNam1501/bookmark-management/internal/repository/urlstorage.go:74.2,74.17 1 0
github.com/PhanNam1501/bookmark-management/internal/service/bookmark_service.go:20.61,24.2 1 1
github.com/PhanNam1501/bookmark-management/internal/service/bookmark_service.go:26.49,28.2 1 1
github.com/PhanNam1501/bookmark-management/internal/service/bookmark_service.go:30.75,32.16 2 0
github.com/PhanNam1501/bookmark-management/internal/service/bookmark_service.go:32.16,34.3 1 0
github.com/PhanNam1501/bookmark-management/internal/service/bookmark_service.go:36.2,36.12 1 0
github.com/PhanNam1501/bookmark-management/internal/service/pass_service.go:25.29,27.2 1 3
github.com/PhanNam1501/bookmark-management/internal/service/pass_service.go:30.62,33.31 2 3
github.com/PhanNam1501/bookmark-management/internal/service/pass_service.go:33.31,35.17 2 30
github.com/PhanNam1501/bookmark-management/internal/service/pass_service.go:35.17,37.4 1 0
github.com/PhanNam1501/bookmark-management/internal/service/pass_service.go:39.3,39.53 1 30
github.com/PhanNam1501/bookmark-management/internal/service/pass_service.go:42.2,42.33 1 3
github.com/PhanNam1501/bookmark-management/internal/service/shortenurl_service.go:25.83,30.2 1 2
github.com/PhanNam1501/bookmark-management/internal/service/shortenurl_service.go:32.89,34.36 1 1
github.com/PhanNam1501/bookmark-management/internal/service/shortenurl_service.go:34.36,36.17 2 1
github.com/PhanNam1501/bookmark-management/internal/service/shortenurl_service.go:36.17,38.4 1 0
github.com/PhanNam1501/bookmark-management/internal/service/shortenurl_service.go:39.3,40.17 2 1
github.com/PhanNam1501/bookmark-management/internal/service/shortenurl_service.go:40.17,42.4 1 0
github.com/PhanNam1501/bookmark-management/internal/service/shortenurl_service.go:43.3,43.17 1 1
github.com/PhanNam1501/bookmark-management/internal/service/shortenurl_service.go:43.17,45.4 1 1
github.com/PhanNam1501/bookmark-management/internal/service/shortenurl_service.go:48.2,48.70 1 0
github.com/PhanNam1501/bookmark-management/internal/service/shortenurl_service.go:51.102,52.36 1 1
github.com/PhanNam1501/bookmark-management/internal/service/shortenurl_service.go:52.36,54.17 2 1
github.com/PhanNam1501/bookmark-management/internal/service/shortenurl_service.go:54.17,56.4 1 0
github.com/PhanNam1501/bookmark-management/internal/service/shortenurl_service.go:57.3,58.17 2 1
github.com/PhanNam1501/bookmark-management/internal/service/shortenurl_service.go:58.17,60.4 1 0
github.com/PhanNam1501/bookmark-management/internal/service/shortenurl_service.go:61.3,61.17 1 1
github.com/PhanNam1501/bookmark-management/internal/service/shortenurl_service.go:61.17,63.4 1 1
github.com/PhanNam1501/bookmark-management/internal/service/shortenurl_service.go:66.2,66.70 1 0
github.com/PhanNam1501/bookmark-management/internal/service/urlredirect_service.go:18.67,22.2 1 1
github.com/PhanNam1501/bookmark-management/internal/service/urlredirect_service.go:24.95,27.2 2 1
github.com/PhanNam1501/bookmark-management/pkg/logger/level.go:11.20,13.44 2 0
github.com/PhanNam1501/bookmark-management/pkg/logger/level.go:13.44,15.3 1 0
github.com/PhanNam1501/bookmark-management/pkg/logger/level.go:17.2,17.31 1 0
github.com/PhanNam1501/bookmark-management/pkg/redis/client.go:5.57,7.16 2 0
github.com/PhanNam1501/bookmark-management/pkg/redis/client.go:7.16,9.3 1 0
github.com/PhanNam1501/bookmark-management/pkg/redis/client.go:11.2,15.9 1 0
github.com/PhanNam1501/bookmark-management/pkg/redis/config.go:11.51,14.16 3 0
github.com/PhanNam1501/bookmark-management/pkg/redis/config.go:14.16,16.3 1 0
github.com/PhanNam1501/bookmark-management/pkg/redis/config.go:18.2,18.17 1 0
github.com/PhanNam1501/bookmark-management/pkg/redis/mock.go:10.48,15.2 2 0
github.com/PhanNam1501/bookmark-management/internal/api/api.go:33.57,48.2 9 5
github.com/PhanNam1501/bookmark-management/internal/api/api.go:50.29,52.2 1 0
github.com/PhanNam1501/bookmark-management/internal/api/api.go:54.65,56.2 1 5
github.com/PhanNam1501/bookmark-management/internal/api/api.go:58.28,62.2 3 5
github.com/PhanNam1501/bookmark-management/internal/api/api.go:64.28,69.2 4 5
github.com/PhanNam1501/bookmark-management/internal/api/api.go:71.28,78.2 5 5
github.com/PhanNam1501/bookmark-management/internal/api/api.go:80.32,87.2 5 5
github.com/PhanNam1501/bookmark-management/internal/api/api.go:89.29,95.2 4 5
github.com/PhanNam1501/bookmark-management/internal/api/config.go:10.51,13.16 3 5
github.com/PhanNam1501/bookmark-management/internal/api/config.go:13.16,15.3 1 0
github.com/PhanNam1501/bookmark-management/internal/api/config.go:17.2,17.17 1 5
github.com/PhanNam1501/bookmark-management/internal/handler/bookmark_handler.go:24.56,26.2 1 5
github.com/PhanNam1501/bookmark-management/internal/handler/bookmark_handler.go:37.51,39.16 2 1
github.com/PhanNam1501/bookmark-management/internal/handler/bookmark_handler.go:39.16,44.3 2 0
github.com/PhanNam1501/bookmark-management/internal/handler/bookmark_handler.go:46.2,53.29 3 1
github.com/PhanNam1501/bookmark-management/internal/handler/linkshorten_handler.go:18.65,22.2 1 5
github.com/PhanNam1501/bookmark-management/internal/handler/linkshorten_handler.go:41.62,43.48 2 1
github.com/PhanNam1501/bookmark-management/internal/handler/linkshorten_handler.go:43.48,46.3 2 0
github.com/PhanNam1501/bookmark-management/internal/handler/linkshorten_handler.go:48.2,49.16 2 1
github.com/PhanNam1501/bookmark-management/internal/handler/linkshorten_handler.go:49.16,52.3 2 0
github.com/PhanNam1501/bookmark-management/internal/handler/linkshorten_handler.go:54.2,57.4 1 1
github.com/PhanNam1501/bookmark-management/internal/handler/pass_handler.go:18.56,20.2 1 5
github.com/PhanNam1501/bookmark-management/internal/handler/pass_handler.go:27.51,29.16 2 1
github.com/PhanNam1501/bookmark-management/internal/handler/pass_handler.go:29.16,32.3 2 0
github.com/PhanNam1501/bookmark-management/internal/handler/pass_handler.go:34.2,34.31 1 1
github.com/PhanNam1501/bookmark-management/internal/handler/redirecturl_handler.go:18.65,22.2 1 5
github.com/PhanNam1501/bookmark-management/internal/handler/redirecturl_handler.go:37.58,39.47 2 1
github.com/PhanNam1501/bookmark-management/internal/handler/redirecturl_handler.go:39.47,42.3 2 0
github.com/PhanNam1501/bookmark-management/internal/handler/redirecturl_handler.go:44.2,45.16 2 1
github.com/PhanNam1501/bookmark-management/internal/handler/redirecturl_handler.go:45.16,48.3 2 0
github.com/PhanNam1501/bookmark-management/internal/handler/redirecturl_handler.go:50.2,50.46 1 1
github.com/PhanNam1501/bookmark-management/internal/handler/shortenurl_handler.go:19.62,23.2 1 5
github.com/PhanNam1501/bookmark-management/internal/handler/shortenurl_handler.go:40.56,42.48 2 1
github.com/PhanNam1501/bookmark-management/internal/handler/shortenurl_handler.go:42.48,45.3 2 0
github.com/PhanNam1501/bookmark-management/internal/handler/shortenurl_handler.go:47.2,48.16 2 1
github.com/PhanNam1501/bookmark-management/internal/handler/shortenurl_handler.go:48.16,52.3 3 0
github.com/PhanNam1501/bookmark-management/internal/handler/shortenurl_handler.go:54.2,56.4 1 1
github.com/PhanNam1501/bookmark-management/internal/repository/urlstorage.go:27.58,31.2 1 20
github.com/PhanNam1501/bookmark-management/internal/repository/urlstorage.go:33.70,35.16 2 1
github.com/PhanNam1501/bookmark-management/internal/repository/urlstorage.go:35.16,37.3 1 0
github.com/PhanNam1501/bookmark-management/internal/repository/urlstorage.go:38.2,38.20 1 1
github.com/PhanNam1501/bookmark-management/internal/repository/urlstorage.go:38.20,40.3 1 1
github.com/PhanNam1501/bookmark-management/internal/repository/urlstorage.go:42.2,42.63 1 0
github.com/PhanNam1501/bookmark-management/internal/repository/urlstorage.go:46.86,52.16 2 1
github.com/PhanNam1501/bookmark-management/internal/repository/urlstorage.go:52.16,54.3 1 0
github.com/PhanNam1501/bookmark-management/internal/repository/urlstorage.go:55.2,55.17 1 1
github.com/PhanNam1501/bookmark-management/internal/repository/urlstorage.go:58.101,63.16 2 1
github.com/PhanNam1501/bookmark-management/internal/repository/urlstorage.go:63.16,65.3 1 0
github.com/PhanNam1501/bookmark-management/internal/repository/urlstorage.go:66.2,66.17 1 1
github.com/PhanNam1501/bookmark-management/internal/repository/urlstorage.go:69.87,71.16 2 1
github.com/PhanNam1501/bookmark-management/internal/repository/urlstorage.go:71.16,73.3 1 0
github.com/PhanNam1501/bookmark-management/internal/repository/urlstorage.go:74.2,74.17 1 1
github.com/PhanNam1501/bookmark-management/internal/service/bookmark_service.go:20.61,24.2 1 5
github.com/PhanNam1501/bookmark-management/internal/service/bookmark_service.go:26.49,28.2 1 1
github.com/PhanNam1501/bookmark-management/internal/service/bookmark_service.go:30.75,32.16 2 1
github.com/PhanNam1501/bookmark-management/internal/service/bookmark_service.go:32.16,34.3 1 0
github.com/PhanNam1501/bookmark-management/internal/service/bookmark_service.go:36.2,36.12 1 1
github.com/PhanNam1501/bookmark-management/internal/service/pass_service.go:25.29,27.2 1 15
github.com/PhanNam1501/bookmark-management/internal/service/pass_service.go:30.62,33.31 2 3
github.com/PhanNam1501/bookmark-management/internal/service/pass_service.go:33.31,35.17 2 30
github.com/PhanNam1501/bookmark-management/internal/service/pass_service.go:35.17,37.4 1 0
github.com/PhanNam1501/bookmark-management/internal/service/pass_service.go:39.3,39.53 1 30
github.com/PhanNam1501/bookmark-management/internal/service/pass_service.go:42.2,42.33 1 3
github.com/PhanNam1501/bookmark-management/internal/service/shortenurl_service.go:25.83,30.2 1 10
github.com/PhanNam1501/bookmark-management/internal/service/shortenurl_service.go:32.89,34.36 1 1
github.com/PhanNam1501/bookmark-management/internal/service/shortenurl_service.go:34.36,36.17 2 1
github.com/PhanNam1501/bookmark-management/internal/service/shortenurl_service.go:36.17,38.4 1 0
github.com/PhanNam1501/bookmark-management/internal/service/shortenurl_service.go:39.3,40.17 2 1
github.com/PhanNam1501/bookmark-management/internal/service/shortenurl_service.go:40.17,42.4 1 0
github.com/PhanNam1501/bookmark-management/internal/service/shortenurl_service.go:43.3,43.17 1 1
github.com/PhanNam1501/bookmark-management/internal/service/shortenurl_service.go:43.17,45.4 1 1
github.com/PhanNam1501/bookmark-management/internal/service/shortenurl_service.go:48.2,48.70 1 0
github.com/PhanNam1501/bookmark-management/internal/service/shortenurl_service.go:51.102,52.36 1 1
github.com/PhanNam1501/bookmark-management/internal/service/shortenurl_service.go:52.36,54.17 2 1
github.com/PhanNam1501/bookmark-management/internal/service/shortenurl_service.go:54.17,56.4 1 0
github.com/PhanNam1501/bookmark-management/internal/service/shortenurl_service.go:57.3,58.17 2 1
github.com/PhanNam1501/bookmark-management/internal/service/shortenurl_service.go:58.17,60.4 1 0
github.com/PhanNam1501/bookmark-management/internal/service/shortenurl_service.go:61.3,61.17 1 1
github.com/PhanNam1501/bookmark-management/internal/service/shortenurl_service.go:61.17,63.4 1 1
github.com/PhanNam1501/bookmark-management/internal/service/shortenurl_service.go:66.2,66.70 1 0
github.com/PhanNam1501/bookmark-management/internal/service/urlredirect_service.go:18.67,22.2 1 5
github.com/PhanNam1501/bookmark-management/internal/service/urlredirect_service.go:24.95,27.2 2 1
github.com/PhanNam1501/bookmark-management/pkg/logger/level.go:11.20,13.44 2 0
github.com/PhanNam1501/bookmark-management/pkg/logger/level.go:13.44,15.3 1 0
github.com/PhanNam1501/bookmark-management/pkg/logger/level.go:17.2,17.31 1 0
github.com/PhanNam1501/bookmark-management/pkg/redis/client.go:5.57,7.16 2 1
github.com/PhanNam1501/bookmark-management/pkg/redis/client.go:7.16,9.3 1 0
github.com/PhanNam1501/bookmark-management/pkg/redis/client.go:11.2,15.9 1 1
github.com/PhanNam1501/bookmark-management/pkg/redis/config.go:11.51,14.16 3 1
github.com/PhanNam1501/bookmark-management/pkg/redis/config.go:14.16,16.3 1 0
github.com/PhanNam1501/bookmark-management/pkg/redis/config.go:18.2,18.17 1 1
github.com/PhanNam1501/bookmark-management/pkg/redis/mock.go:10.48,15.2 2 4
github.com/PhanNam1501/bookmark-management/pkg/logger/level.go:11.20,13.44 2 0
github.com/PhanNam1501/bookmark-management/pkg/logger/level.go:13.44,15.3 1 0
github.com/PhanNam1501/bookmark-management/pkg/logger/level.go:17.2,17.31 1 0
github.com/PhanNam1501/bookmark-management/pkg/redis/client.go:5.57,7.16 2 0
github.com/PhanNam1501/bookmark-management/pkg/redis/client.go:7.16,9.3 1 0
github.com/PhanNam1501/bookmark-management/pkg/redis/client.go:11.2,15.9 1 0
github.com/PhanNam1501/bookmark-management/pkg/redis/config.go:11.51,14.16 3 0
github.com/PhanNam1501/bookmark-management/pkg/redis/config.go:14.16,16.3 1 0
github.com/PhanNam1501/bookmark-management/pkg/redis/config.go:18.2,18.17 1 0
github.com/PhanNam1501/bookmark-management/pkg/redis/mock.go:10.48,15.2 2 0
